<?xml version="1.0" encoding="UTF-8"?>
<testsuite name="mk.ukim.finki.SILab2Test" tests="2" skipped="0" failures="0" errors="0" timestamp="2023-05-25T22:37:15" hostname="LAPTOP-DF3SDUJM" time="0.037">
  <properties/>
  <testcase name="EveryBranch()" classname="mk.ukim.finki.SILab2Test" time="0.03"/>
  <testcase name="MultipleConditions()" classname="mk.ukim.finki.SILab2Test" time="0.003"/>
  <system-out><![CDATA[]]></system-out>
  <system-err><![CDATA[]]></system-err>
</testsuite>
