<?xml version="1.0" encoding="UTF-8"?>
<testsuite name="mk.ukim.finki.SILab2Test" tests="1" skipped="0" failures="0" errors="0" timestamp="2023-05-26T00:43:42" hostname="LAPTOP-DF3SDUJM" time="0.029">
  <properties/>
  <testcase name="MultipleConditions()" classname="mk.ukim.finki.SILab2Test" time="0.029"/>
  <system-out><![CDATA[]]></system-out>
  <system-err><![CDATA[]]></system-err>
</testsuite>
